Base path: 'C:/Program Files/Unity/Hub/Editor/2019.4.20f1/Editor/Data', plugins path 'C:/Program Files/Unity/Hub/Editor/2019.4.20f1/Editor/Data/PlaybackEngines'
Cmd: initializeCompiler
Cmd: compileComputeKernel
  api=4 insize=12109 outsize=1558 ok=1
Cmd: compileComputeKernel
  api=4 insize=11985 outsize=1465 ok=1
Cmd: compileComputeKernel
  api=4 insize=11985 outsize=1497 ok=1
Cmd: compileComputeKernel
  api=4 insize=11985 outsize=1495 ok=1
Cmd: compileComputeKernel
  api=4 insize=18301 outsize=3063 ok=1
Cmd: compileComputeKernel
  api=4 insize=18301 outsize=5585 ok=1
Cmd: compileComputeKernel
  api=4 insize=66874 outsize=2850 ok=1
Cmd: compileComputeKernel
  api=4 insize=66874 outsize=2479 ok=1
Cmd: compileComputeKernel
  api=4 insize=66874 outsize=1489 ok=1
Cmd: compileComputeKernel
  api=4 insize=66874 outsize=2041 ok=1
Cmd: compileComputeKernel
  api=4 insize=66874 outsize=3335 ok=1
Cmd: compileComputeKernel
  api=4 insize=66874 outsize=1285 ok=1
Cmd: compileComputeKernel
  api=4 insize=66874 outsize=1631 ok=1
Cmd: compileComputeKernel
  api=4 insize=66874 outsize=1383 ok=1
Cmd: compileComputeKernel
  api=4 insize=66874 outsize=1359 ok=1
Cmd: compileComputeKernel
  api=4 insize=66874 outsize=1311 ok=1
Cmd: compileComputeKernel
  api=4 insize=66874 outsize=1819 ok=1
Cmd: compileComputeKernel
  api=4 insize=66874 outsize=2259 ok=1
Cmd: compileComputeKernel
  api=4 insize=66874 outsize=1851 ok=1
Cmd: compileComputeKernel
  api=4 insize=66874 outsize=1998 ok=1
Cmd: compileComputeKernel
  api=4 insize=66874 outsize=1346 ok=1
Cmd: compileComputeKernel
  api=4 insize=66874 outsize=1590 ok=1
Cmd: compileComputeKernel
  api=4 insize=66874 outsize=1750 ok=1
Cmd: compileComputeKernel
  api=4 insize=66874 outsize=921 ok=1
Cmd: compileComputeKernel
  api=4 insize=72903 outsize=2756 ok=1
Cmd: compileComputeKernel
  api=4 insize=34089 outsize=622 ok=1
Cmd: compileComputeKernel
  api=4 insize=34089 outsize=775 ok=1
Cmd: compileComputeKernel
  api=4 insize=34089 outsize=806 ok=1
Cmd: compileComputeKernel
  api=4 insize=34089 outsize=1005 ok=1
Cmd: compileComputeKernel
  api=4 insize=34089 outsize=855 ok=1
Cmd: compileComputeKernel
  api=4 insize=34089 outsize=677 ok=1
Cmd: compileComputeKernel
  api=4 insize=34089 outsize=622 ok=1
Cmd: compileComputeKernel
  api=4 insize=34089 outsize=716 ok=1
Cmd: compileComputeKernel
  api=4 insize=34089 outsize=837 ok=1
Cmd: compileComputeKernel
  api=4 insize=34089 outsize=1292 ok=1
Cmd: compileComputeKernel
  api=4 insize=34089 outsize=1346 ok=1
Cmd: compileComputeKernel
  api=4 insize=34089 outsize=1465 ok=1
Cmd: compileComputeKernel
  api=4 insize=34089 outsize=1336 ok=1
Cmd: compileComputeKernel
  api=4 insize=34089 outsize=1311 ok=1
Cmd: compileComputeKernel
  api=4 insize=34089 outsize=1261 ok=1
Cmd: compileComputeKernel
  api=4 insize=34089 outsize=1631 ok=1
Cmd: compileComputeKernel
  api=4 insize=34089 outsize=1387 ok=1
Cmd: compileComputeKernel
  api=4 insize=79248 outsize=14204 ok=1
Cmd: compileComputeKernel
  api=4 insize=79248 outsize=35630 ok=1
Cmd: compileComputeKernel
  api=4 insize=79248 outsize=4420 ok=1
Cmd: compileComputeKernel
  api=4 insize=79248 outsize=4420 ok=1
Cmd: compileComputeKernel
  api=4 insize=79248 outsize=3084 ok=1
Cmd: compileComputeKernel
  api=4 insize=79248 outsize=3084 ok=1
Cmd: compileComputeKernel
  api=4 insize=79248 outsize=3725 ok=1
Cmd: compileComputeKernel
  api=4 insize=4442 outsize=1750 ok=1
Cmd: initializeCompiler
Cmd: compileComputeKernel
  api=4 insize=958 outsize=1465 ok=1
Cmd: compileComputeKernel
  api=4 insize=958 outsize=1497 ok=1
Cmd: compileComputeKernel
  api=4 insize=759 outsize=910 ok=1
Cmd: compileComputeKernel
  api=4 insize=759 outsize=791 ok=1
Cmd: compileComputeKernel
  api=4 insize=759 outsize=844 ok=1
Cmd: compileComputeKernel
  api=4 insize=3405 outsize=35766 ok=1
Cmd: compileComputeKernel
  api=4 insize=3405 outsize=35914 ok=1
Cmd: compileComputeKernel
  api=4 insize=13751 outsize=1848 ok=1
Cmd: compileComputeKernel
  api=4 insize=13751 outsize=2631 ok=1
Cmd: compileComputeKernel
  api=4 insize=80473 outsize=1686 ok=1
Cmd: compileComputeKernel
  api=4 insize=80473 outsize=2795 ok=1
Cmd: compileComputeKernel
  api=4 insize=80473 outsize=1579 ok=1
Cmd: compileComputeKernel
  api=4 insize=80473 outsize=5212 ok=1
Cmd: compileComputeKernel
  api=4 insize=80473 outsize=2077 ok=1
Cmd: compileComputeKernel
  api=4 insize=80473 outsize=3685 ok=1
Cmd: compileComputeKernel
  api=4 insize=80473 outsize=3375 ok=1
Cmd: compileComputeKernel
  api=4 insize=80473 outsize=3398 ok=1
Cmd: compileComputeKernel
  api=4 insize=80473 outsize=3471 ok=1
Cmd: compileComputeKernel
  api=4 insize=80473 outsize=3447 ok=1
Cmd: compileComputeKernel
  api=4 insize=80473 outsize=3865 ok=1
Cmd: compileComputeKernel
  api=4 insize=80473 outsize=3916 ok=1
Cmd: compileComputeKernel
  api=4 insize=80473 outsize=3472 ok=1
Cmd: compileComputeKernel
  api=4 insize=80473 outsize=1364 ok=1
Cmd: compileComputeKernel
  api=4 insize=80473 outsize=5039 ok=1
Cmd: compileComputeKernel
  api=4 insize=80473 outsize=5039 ok=1
Cmd: compileComputeKernel
  api=4 insize=80473 outsize=5076 ok=1
Cmd: compileComputeKernel
  api=4 insize=80473 outsize=5069 ok=1
Cmd: compileComputeKernel
  api=4 insize=80473 outsize=6504 ok=1
Cmd: compileComputeKernel
  api=4 insize=80473 outsize=3482 ok=1
Cmd: compileComputeKernel
  api=4 insize=80473 outsize=1449 ok=1
Cmd: compileComputeKernel
  api=4 insize=80473 outsize=3761 ok=1
Cmd: compileComputeKernel
  api=4 insize=80473 outsize=4571 ok=1
Cmd: compileComputeKernel
  api=4 insize=467 outsize=3291 ok=1
Cmd: compileComputeKernel
  api=4 insize=4703 outsize=3309 ok=1
Cmd: compileComputeKernel
  api=4 insize=4703 outsize=3574 ok=1
Cmd: compileComputeKernel
  api=4 insize=4231 outsize=2026 ok=1
Cmd: compileComputeKernel
  api=4 insize=75201 outsize=5015 ok=1
Cmd: compileComputeKernel
  api=4 insize=467 outsize=3140 ok=1
Cmd: compileComputeKernel
  api=4 insize=13363 outsize=10970 ok=1
Cmd: compileComputeKernel
  api=4 insize=958 outsize=1465 ok=1
Cmd: compileComputeKernel
  api=4 insize=958 outsize=1502 ok=1
Cmd: compileComputeKernel
  api=4 insize=958 outsize=1616 ok=1
Cmd: compileComputeKernel
  api=4 insize=776 outsize=4420 ok=1
Cmd: compileComputeKernel
  api=4 insize=10470 outsize=622 ok=1
Cmd: compileComputeKernel
  api=4 insize=10470 outsize=782 ok=1
Cmd: compileComputeKernel
  api=4 insize=10470 outsize=677 ok=1
Cmd: compileComputeKernel
  api=4 insize=10470 outsize=854 ok=1
Cmd: compileComputeKernel
  api=4 insize=10470 outsize=847 ok=1
Cmd: compileComputeKernel
  api=4 insize=10470 outsize=882 ok=1
Cmd: compileComputeKernel
  api=4 insize=10470 outsize=677 ok=1
Cmd: compileComputeKernel
  api=4 insize=10470 outsize=804 ok=1
Cmd: compileComputeKernel
  api=4 insize=10470 outsize=1298 ok=1
Cmd: compileComputeKernel
  api=4 insize=10470 outsize=1369 ok=1
Cmd: compileComputeKernel
  api=4 insize=10470 outsize=1363 ok=1
Cmd: compileComputeKernel
  api=4 insize=10470 outsize=1296 ok=1
Cmd: compileComputeKernel
  api=4 insize=10470 outsize=1288 ok=1
Cmd: compileComputeKernel
  api=4 insize=10470 outsize=1346 ok=1
Cmd: compileComputeKernel
  api=4 insize=10470 outsize=1364 ok=1
Cmd: compileComputeKernel
  api=4 insize=10470 outsize=1397 ok=1
Cmd: compileComputeKernel
  api=4 insize=10470 outsize=1334 ok=1
Cmd: compileComputeKernel
  api=4 insize=10470 outsize=1264 ok=1
Cmd: compileComputeKernel
  api=4 insize=10470 outsize=1357 ok=1
Cmd: compileComputeKernel
  api=4 insize=10470 outsize=1321 ok=1
Cmd: compileComputeKernel
  api=4 insize=4442 outsize=1750 ok=1

Quitting shader compiler process
